
============================================================
RELEASE CANDIDATE VALIDATION — START
timestamp_utc=2026-02-16T21:03:42Z
============================================================
repo_root=/Users/tazjack/Documents/PenTest/TazoSploit
out_dir=/Users/tazjack/Documents/PenTest/TazoSploit/Project/Docs/release/validation/20260216T210342Z

[meta] git
git_rev=f4d9d36ce180f3b355c492ce96e4a3e81e1cc3f0
git_status_porcelain_count=62

[meta] tool versions

------------------------------------------------------------
STEP: docker_version
out_file=/Users/tazjack/Documents/PenTest/TazoSploit/Project/Docs/release/validation/20260216T210342Z/docker_version.txt
cmd=docker version
------------------------------------------------------------
Client:
 Version:           29.2.0
 API version:       1.53
 Go version:        go1.25.6
 Git commit:        0b9d198
 Built:             Mon Jan 26 19:25:13 2026
 OS/Arch:           darwin/arm64
 Context:           desktop-linux

Server: Docker Desktop 4.60.1 (218372)
 Engine:
  Version:          29.2.0
  API version:      1.53 (minimum version 1.44)
  Go version:       go1.25.6
  Git commit:       9c62384
  Built:            Mon Jan 26 19:25:48 2026
  OS/Arch:          linux/arm64
  Experimental:     false
 containerd:
  Version:          v2.2.1
  GitCommit:        dea7da592f5d1d2b7755e3a161be07f43fad8f75
 runc:
  Version:          1.3.4
  GitCommit:        v1.3.4-0-gd6d73eb8
 docker-init:
  Version:          0.19.0
  GitCommit:        de40ad0

------------------------------------------------------------
STEP: docker_compose_version
out_file=/Users/tazjack/Documents/PenTest/TazoSploit/Project/Docs/release/validation/20260216T210342Z/docker_compose_version.txt
cmd=docker compose version
------------------------------------------------------------
Docker Compose version v5.0.2

------------------------------------------------------------
STEP: node_version
out_file=/Users/tazjack/Documents/PenTest/TazoSploit/Project/Docs/release/validation/20260216T210342Z/node_version.txt
cmd=node --version
------------------------------------------------------------
v25.2.1

------------------------------------------------------------
STEP: npm_version
out_file=/Users/tazjack/Documents/PenTest/TazoSploit/Project/Docs/release/validation/20260216T210342Z/npm_version.txt
cmd=npm --version
------------------------------------------------------------
11.6.2

------------------------------------------------------------
STEP: python_version
out_file=/Users/tazjack/Documents/PenTest/TazoSploit/Project/Docs/release/validation/20260216T210342Z/python_version.txt
cmd=python3 --version
------------------------------------------------------------
Python 3.14.2

============================================================
PYTHON: unit tests (pytest)
timestamp_utc=2026-02-16T21:03:42Z
============================================================
venv_dir=/Users/tazjack/Documents/PenTest/TazoSploit/.venv-rc

------------------------------------------------------------
STEP: python_create_venv
out_file=/Users/tazjack/Documents/PenTest/TazoSploit/Project/Docs/release/validation/20260216T210342Z/python_create_venv.txt
cmd=python3 -m venv /Users/tazjack/Documents/PenTest/TazoSploit/.venv-rc
------------------------------------------------------------

------------------------------------------------------------
STEP: python_pip_upgrade
out_file=/Users/tazjack/Documents/PenTest/TazoSploit/Project/Docs/release/validation/20260216T210342Z/python_pip_upgrade.txt
cmd=python -m pip install --upgrade pip
------------------------------------------------------------
Requirement already satisfied: pip in ./.venv-rc/lib/python3.14/site-packages (25.3)
Collecting pip
  Downloading pip-26.0.1-py3-none-any.whl.metadata (4.7 kB)
Downloading pip-26.0.1-py3-none-any.whl (1.8 MB)
   ━━━━━━━━━━━━━━━━━━━━━━━━━━━━━━━━━━━━━━━━ 1.8/1.8 MB 26.0 MB/s  0:00:00
Installing collected packages: pip
  Attempting uninstall: pip
    Found existing installation: pip 25.3
    Uninstalling pip-25.3:
      Successfully uninstalled pip-25.3
Successfully installed pip-26.0.1

------------------------------------------------------------
STEP: python_install_deps
out_file=/Users/tazjack/Documents/PenTest/TazoSploit/Project/Docs/release/validation/20260216T210342Z/python_install_deps.txt
cmd=python -m pip install -r /Users/tazjack/Documents/PenTest/TazoSploit/control-plane/requirements.txt -r /Users/tazjack/Documents/PenTest/TazoSploit/execution-plane/requirements.txt pytest neo4j
------------------------------------------------------------
Collecting pytest
  Using cached pytest-9.0.2-py3-none-any.whl.metadata (7.6 kB)
Collecting neo4j
  Downloading neo4j-6.1.0-py3-none-any.whl.metadata (5.3 kB)
Collecting fastapi>=0.109.0 (from -r /Users/tazjack/Documents/PenTest/TazoSploit/control-plane/requirements.txt (line 4))
  Downloading fastapi-0.129.0-py3-none-any.whl.metadata (30 kB)
Collecting uvicorn>=0.27.0 (from uvicorn[standard]>=0.27.0->-r /Users/tazjack/Documents/PenTest/TazoSploit/control-plane/requirements.txt (line 5))
  Using cached uvicorn-0.40.0-py3-none-any.whl.metadata (6.7 kB)
Collecting sqlalchemy>=2.0.0 (from sqlalchemy[asyncio]>=2.0.0->-r /Users/tazjack/Documents/PenTest/TazoSploit/control-plane/requirements.txt (line 8))
  Using cached sqlalchemy-2.0.46-cp314-cp314-macosx_11_0_arm64.whl.metadata (9.5 kB)
Collecting asyncpg>=0.29.0 (from -r /Users/tazjack/Documents/PenTest/TazoSploit/control-plane/requirements.txt (line 9))
  Using cached asyncpg-0.31.0-cp314-cp314-macosx_11_0_arm64.whl.metadata (4.4 kB)
Collecting psycopg2-binary>=2.9.0 (from -r /Users/tazjack/Documents/PenTest/TazoSploit/control-plane/requirements.txt (line 10))
  Using cached psycopg2_binary-2.9.11-cp314-cp314-macosx_11_0_arm64.whl.metadata (4.9 kB)
Collecting alembic>=1.13.0 (from -r /Users/tazjack/Documents/PenTest/TazoSploit/control-plane/requirements.txt (line 11))
  Downloading alembic-1.18.4-py3-none-any.whl.metadata (7.2 kB)
Collecting redis>=5.0.0 (from -r /Users/tazjack/Documents/PenTest/TazoSploit/control-plane/requirements.txt (line 14))
  Downloading redis-7.2.0-py3-none-any.whl.metadata (12 kB)
Collecting python-jose>=3.3.0 (from python-jose[cryptography]>=3.3.0->-r /Users/tazjack/Documents/PenTest/TazoSploit/control-plane/requirements.txt (line 17))
  Using cached python_jose-3.5.0-py2.py3-none-any.whl.metadata (5.5 kB)
Collecting passlib>=1.7.4 (from passlib[bcrypt]>=1.7.4->-r /Users/tazjack/Documents/PenTest/TazoSploit/control-plane/requirements.txt (line 18))
  Using cached passlib-1.7.4-py2.py3-none-any.whl.metadata (1.7 kB)
Collecting bcrypt==4.0.1 (from -r /Users/tazjack/Documents/PenTest/TazoSploit/control-plane/requirements.txt (line 19))
  Using cached bcrypt-4.0.1-cp36-abi3-macosx_10_10_universal2.whl.metadata (9.0 kB)
Collecting pydantic>=2.0.0 (from -r /Users/tazjack/Documents/PenTest/TazoSploit/control-plane/requirements.txt (line 22))
  Using cached pydantic-2.12.5-py3-none-any.whl.metadata (90 kB)
Collecting pydantic-settings>=2.0.0 (from -r /Users/tazjack/Documents/PenTest/TazoSploit/control-plane/requirements.txt (line 23))
  Downloading pydantic_settings-2.13.0-py3-none-any.whl.metadata (3.4 kB)
Collecting email-validator>=2.0.0 (from -r /Users/tazjack/Documents/PenTest/TazoSploit/control-plane/requirements.txt (line 24))
  Using cached email_validator-2.3.0-py3-none-any.whl.metadata (26 kB)
Collecting python-dotenv>=1.0.0 (from -r /Users/tazjack/Documents/PenTest/TazoSploit/control-plane/requirements.txt (line 28))
  Using cached python_dotenv-1.2.1-py3-none-any.whl.metadata (25 kB)
Collecting structlog>=24.1.0 (from -r /Users/tazjack/Documents/PenTest/TazoSploit/control-plane/requirements.txt (line 29))
  Using cached structlog-25.5.0-py3-none-any.whl.metadata (9.5 kB)
Collecting opentelemetry-api>=1.22.0 (from -r /Users/tazjack/Documents/PenTest/TazoSploit/control-plane/requirements.txt (line 32))
  Using cached opentelemetry_api-1.39.1-py3-none-any.whl.metadata (1.5 kB)
Collecting opentelemetry-sdk>=1.22.0 (from -r /Users/tazjack/Documents/PenTest/TazoSploit/control-plane/requirements.txt (line 33))
  Using cached opentelemetry_sdk-1.39.1-py3-none-any.whl.metadata (1.5 kB)
Collecting opentelemetry-instrumentation-fastapi>=0.43b0 (from -r /Users/tazjack/Documents/PenTest/TazoSploit/control-plane/requirements.txt (line 34))
  Using cached opentelemetry_instrumentation_fastapi-0.60b1-py3-none-any.whl.metadata (2.2 kB)
Collecting prometheus-client>=0.19.0 (from -r /Users/tazjack/Documents/PenTest/TazoSploit/control-plane/requirements.txt (line 35))
  Using cached prometheus_client-0.24.1-py3-none-any.whl.metadata (2.1 kB)
Collecting celery>=5.3.0 (from -r /Users/tazjack/Documents/PenTest/TazoSploit/control-plane/requirements.txt (line 38))
  Using cached celery-5.6.2-py3-none-any.whl.metadata (23 kB)
Collecting croniter>=2.0.0 (from -r /Users/tazjack/Documents/PenTest/TazoSploit/control-plane/requirements.txt (line 41))
  Using cached croniter-6.0.0-py2.py3-none-any.whl.metadata (32 kB)
Collecting pytz>=2023.3 (from -r /Users/tazjack/Documents/PenTest/TazoSploit/control-plane/requirements.txt (line 42))
  Using cached pytz-2025.2-py2.py3-none-any.whl.metadata (22 kB)
Collecting docker>=7.0.0 (from -r /Users/tazjack/Documents/PenTest/TazoSploit/control-plane/requirements.txt (line 45))
  Using cached docker-7.1.0-py3-none-any.whl.metadata (3.8 kB)
Collecting minio>=7.2.0 (from -r /Users/tazjack/Documents/PenTest/TazoSploit/control-plane/requirements.txt (line 48))
  Using cached minio-7.2.20-py3-none-any.whl.metadata (6.5 kB)
Collecting reportlab>=4.0.0 (from -r /Users/tazjack/Documents/PenTest/TazoSploit/control-plane/requirements.txt (line 51))
  Downloading reportlab-4.4.10-py3-none-any.whl.metadata (1.7 kB)
Collecting httpx>=0.27.0 (from -r /Users/tazjack/Documents/PenTest/TazoSploit/control-plane/requirements.txt (line 54))
  Using cached httpx-0.28.1-py3-none-any.whl.metadata (7.1 kB)
Collecting aiohttp>=3.9.0 (from -r /Users/tazjack/Documents/PenTest/TazoSploit/execution-plane/requirements.txt (line 5))
  Using cached aiohttp-3.13.3-cp314-cp314-macosx_11_0_arm64.whl.metadata (8.1 kB)
Collecting iniconfig>=1.0.1 (from pytest)
  Using cached iniconfig-2.3.0-py3-none-any.whl.metadata (2.5 kB)
Collecting packaging>=22 (from pytest)
  Using cached packaging-26.0-py3-none-any.whl.metadata (3.3 kB)
Collecting pluggy<2,>=1.5 (from pytest)
  Using cached pluggy-1.6.0-py3-none-any.whl.metadata (4.8 kB)
Collecting pygments>=2.7.2 (from pytest)
  Using cached pygments-2.19.2-py3-none-any.whl.metadata (2.5 kB)
Collecting starlette<1.0.0,>=0.40.0 (from fastapi>=0.109.0->-r /Users/tazjack/Documents/PenTest/TazoSploit/control-plane/requirements.txt (line 4))
  Downloading starlette-0.52.1-py3-none-any.whl.metadata (6.3 kB)
Collecting typing-extensions>=4.8.0 (from fastapi>=0.109.0->-r /Users/tazjack/Documents/PenTest/TazoSploit/control-plane/requirements.txt (line 4))
  Using cached typing_extensions-4.15.0-py3-none-any.whl.metadata (3.3 kB)
Collecting typing-inspection>=0.4.2 (from fastapi>=0.109.0->-r /Users/tazjack/Documents/PenTest/TazoSploit/control-plane/requirements.txt (line 4))
  Using cached typing_inspection-0.4.2-py3-none-any.whl.metadata (2.6 kB)
Collecting annotated-doc>=0.0.2 (from fastapi>=0.109.0->-r /Users/tazjack/Documents/PenTest/TazoSploit/control-plane/requirements.txt (line 4))
  Using cached annotated_doc-0.0.4-py3-none-any.whl.metadata (6.6 kB)
Collecting anyio<5,>=3.6.2 (from starlette<1.0.0,>=0.40.0->fastapi>=0.109.0->-r /Users/tazjack/Documents/PenTest/TazoSploit/control-plane/requirements.txt (line 4))
  Using cached anyio-4.12.1-py3-none-any.whl.metadata (4.3 kB)
Collecting idna>=2.8 (from anyio<5,>=3.6.2->starlette<1.0.0,>=0.40.0->fastapi>=0.109.0->-r /Users/tazjack/Documents/PenTest/TazoSploit/control-plane/requirements.txt (line 4))
  Using cached idna-3.11-py3-none-any.whl.metadata (8.4 kB)
Collecting click>=7.0 (from uvicorn>=0.27.0->uvicorn[standard]>=0.27.0->-r /Users/tazjack/Documents/PenTest/TazoSploit/control-plane/requirements.txt (line 5))
  Using cached click-8.3.1-py3-none-any.whl.metadata (2.6 kB)
Collecting h11>=0.8 (from uvicorn>=0.27.0->uvicorn[standard]>=0.27.0->-r /Users/tazjack/Documents/PenTest/TazoSploit/control-plane/requirements.txt (line 5))
  Using cached h11-0.16.0-py3-none-any.whl.metadata (8.3 kB)
Collecting Mako (from alembic>=1.13.0->-r /Users/tazjack/Documents/PenTest/TazoSploit/control-plane/requirements.txt (line 11))
  Using cached mako-1.3.10-py3-none-any.whl.metadata (2.9 kB)
Collecting ecdsa!=0.15 (from python-jose>=3.3.0->python-jose[cryptography]>=3.3.0->-r /Users/tazjack/Documents/PenTest/TazoSploit/control-plane/requirements.txt (line 17))
  Using cached ecdsa-0.19.1-py2.py3-none-any.whl.metadata (29 kB)
Collecting rsa!=4.1.1,!=4.4,<5.0,>=4.0 (from python-jose>=3.3.0->python-jose[cryptography]>=3.3.0->-r /Users/tazjack/Documents/PenTest/TazoSploit/control-plane/requirements.txt (line 17))
  Using cached rsa-4.9.1-py3-none-any.whl.metadata (5.6 kB)
Collecting pyasn1>=0.5.0 (from python-jose>=3.3.0->python-jose[cryptography]>=3.3.0->-r /Users/tazjack/Documents/PenTest/TazoSploit/control-plane/requirements.txt (line 17))
  Using cached pyasn1-0.6.2-py3-none-any.whl.metadata (8.4 kB)
Collecting annotated-types>=0.6.0 (from pydantic>=2.0.0->-r /Users/tazjack/Documents/PenTest/TazoSploit/control-plane/requirements.txt (line 22))
  Using cached annotated_types-0.7.0-py3-none-any.whl.metadata (15 kB)
Collecting pydantic-core==2.41.5 (from pydantic>=2.0.0->-r /Users/tazjack/Documents/PenTest/TazoSploit/control-plane/requirements.txt (line 22))
  Using cached pydantic_core-2.41.5-cp314-cp314-macosx_11_0_arm64.whl.metadata (7.3 kB)
Collecting dnspython>=2.0.0 (from email-validator>=2.0.0->-r /Users/tazjack/Documents/PenTest/TazoSploit/control-plane/requirements.txt (line 24))
  Using cached dnspython-2.8.0-py3-none-any.whl.metadata (5.7 kB)
Collecting importlib-metadata<8.8.0,>=6.0 (from opentelemetry-api>=1.22.0->-r /Users/tazjack/Documents/PenTest/TazoSploit/control-plane/requirements.txt (line 32))
  Using cached importlib_metadata-8.7.1-py3-none-any.whl.metadata (4.7 kB)
Collecting zipp>=3.20 (from importlib-metadata<8.8.0,>=6.0->opentelemetry-api>=1.22.0->-r /Users/tazjack/Documents/PenTest/TazoSploit/control-plane/requirements.txt (line 32))
  Using cached zipp-3.23.0-py3-none-any.whl.metadata (3.6 kB)
Collecting opentelemetry-semantic-conventions==0.60b1 (from opentelemetry-sdk>=1.22.0->-r /Users/tazjack/Documents/PenTest/TazoSploit/control-plane/requirements.txt (line 33))
  Using cached opentelemetry_semantic_conventions-0.60b1-py3-none-any.whl.metadata (2.4 kB)
Collecting opentelemetry-instrumentation-asgi==0.60b1 (from opentelemetry-instrumentation-fastapi>=0.43b0->-r /Users/tazjack/Documents/PenTest/TazoSploit/control-plane/requirements.txt (line 34))
  Using cached opentelemetry_instrumentation_asgi-0.60b1-py3-none-any.whl.metadata (2.0 kB)
Collecting opentelemetry-instrumentation==0.60b1 (from opentelemetry-instrumentation-fastapi>=0.43b0->-r /Users/tazjack/Documents/PenTest/TazoSploit/control-plane/requirements.txt (line 34))
  Using cached opentelemetry_instrumentation-0.60b1-py3-none-any.whl.metadata (7.2 kB)
Collecting opentelemetry-util-http==0.60b1 (from opentelemetry-instrumentation-fastapi>=0.43b0->-r /Users/tazjack/Documents/PenTest/TazoSploit/control-plane/requirements.txt (line 34))
  Using cached opentelemetry_util_http-0.60b1-py3-none-any.whl.metadata (2.6 kB)
Collecting wrapt<2.0.0,>=1.0.0 (from opentelemetry-instrumentation==0.60b1->opentelemetry-instrumentation-fastapi>=0.43b0->-r /Users/tazjack/Documents/PenTest/TazoSploit/control-plane/requirements.txt (line 34))
  Using cached wrapt-1.17.3-cp314-cp314-macosx_11_0_arm64.whl.metadata (6.4 kB)
Collecting asgiref~=3.0 (from opentelemetry-instrumentation-asgi==0.60b1->opentelemetry-instrumentation-fastapi>=0.43b0->-r /Users/tazjack/Documents/PenTest/TazoSploit/control-plane/requirements.txt (line 34))
  Using cached asgiref-3.11.1-py3-none-any.whl.metadata (9.3 kB)
Collecting billiard<5.0,>=4.2.1 (from celery>=5.3.0->-r /Users/tazjack/Documents/PenTest/TazoSploit/control-plane/requirements.txt (line 38))
  Using cached billiard-4.2.4-py3-none-any.whl.metadata (4.8 kB)
Collecting kombu>=5.6.0 (from celery>=5.3.0->-r /Users/tazjack/Documents/PenTest/TazoSploit/control-plane/requirements.txt (line 38))
  Using cached kombu-5.6.2-py3-none-any.whl.metadata (3.5 kB)
Collecting vine<6.0,>=5.1.0 (from celery>=5.3.0->-r /Users/tazjack/Documents/PenTest/TazoSploit/control-plane/requirements.txt (line 38))
  Using cached vine-5.1.0-py3-none-any.whl.metadata (2.7 kB)
Collecting click-didyoumean>=0.3.0 (from celery>=5.3.0->-r /Users/tazjack/Documents/PenTest/TazoSploit/control-plane/requirements.txt (line 38))
  Using cached click_didyoumean-0.3.1-py3-none-any.whl.metadata (3.9 kB)
Collecting click-repl>=0.2.0 (from celery>=5.3.0->-r /Users/tazjack/Documents/PenTest/TazoSploit/control-plane/requirements.txt (line 38))
  Using cached click_repl-0.3.0-py3-none-any.whl.metadata (3.6 kB)
Collecting click-plugins>=1.1.1 (from celery>=5.3.0->-r /Users/tazjack/Documents/PenTest/TazoSploit/control-plane/requirements.txt (line 38))
  Using cached click_plugins-1.1.1.2-py2.py3-none-any.whl.metadata (6.5 kB)
Collecting python-dateutil>=2.8.2 (from celery>=5.3.0->-r /Users/tazjack/Documents/PenTest/TazoSploit/control-plane/requirements.txt (line 38))
  Using cached python_dateutil-2.9.0.post0-py2.py3-none-any.whl.metadata (8.4 kB)
Collecting tzlocal (from celery>=5.3.0->-r /Users/tazjack/Documents/PenTest/TazoSploit/control-plane/requirements.txt (line 38))
  Using cached tzlocal-5.3.1-py3-none-any.whl.metadata (7.6 kB)
Collecting requests>=2.26.0 (from docker>=7.0.0->-r /Users/tazjack/Documents/PenTest/TazoSploit/control-plane/requirements.txt (line 45))
  Using cached requests-2.32.5-py3-none-any.whl.metadata (4.9 kB)
Collecting urllib3>=1.26.0 (from docker>=7.0.0->-r /Users/tazjack/Documents/PenTest/TazoSploit/control-plane/requirements.txt (line 45))
  Using cached urllib3-2.6.3-py3-none-any.whl.metadata (6.9 kB)
Collecting argon2-cffi (from minio>=7.2.0->-r /Users/tazjack/Documents/PenTest/TazoSploit/control-plane/requirements.txt (line 48))
  Using cached argon2_cffi-25.1.0-py3-none-any.whl.metadata (4.1 kB)
Collecting certifi (from minio>=7.2.0->-r /Users/tazjack/Documents/PenTest/TazoSploit/control-plane/requirements.txt (line 48))
  Using cached certifi-2026.1.4-py3-none-any.whl.metadata (2.5 kB)
Collecting pycryptodome (from minio>=7.2.0->-r /Users/tazjack/Documents/PenTest/TazoSploit/control-plane/requirements.txt (line 48))
  Using cached pycryptodome-3.23.0-cp37-abi3-macosx_10_9_universal2.whl.metadata (3.4 kB)
Collecting pillow>=9.0.0 (from reportlab>=4.0.0->-r /Users/tazjack/Documents/PenTest/TazoSploit/control-plane/requirements.txt (line 51))
  Downloading pillow-12.1.1-cp314-cp314-macosx_11_0_arm64.whl.metadata (8.8 kB)
Collecting charset-normalizer (from reportlab>=4.0.0->-r /Users/tazjack/Documents/PenTest/TazoSploit/control-plane/requirements.txt (line 51))
  Using cached charset_normalizer-3.4.4-cp314-cp314-macosx_10_13_universal2.whl.metadata (37 kB)
Collecting httpcore==1.* (from httpx>=0.27.0->-r /Users/tazjack/Documents/PenTest/TazoSploit/control-plane/requirements.txt (line 54))
  Using cached httpcore-1.0.9-py3-none-any.whl.metadata (21 kB)
Collecting aiohappyeyeballs>=2.5.0 (from aiohttp>=3.9.0->-r /Users/tazjack/Documents/PenTest/TazoSploit/execution-plane/requirements.txt (line 5))
  Using cached aiohappyeyeballs-2.6.1-py3-none-any.whl.metadata (5.9 kB)
Collecting aiosignal>=1.4.0 (from aiohttp>=3.9.0->-r /Users/tazjack/Documents/PenTest/TazoSploit/execution-plane/requirements.txt (line 5))
  Using cached aiosignal-1.4.0-py3-none-any.whl.metadata (3.7 kB)
Collecting attrs>=17.3.0 (from aiohttp>=3.9.0->-r /Users/tazjack/Documents/PenTest/TazoSploit/execution-plane/requirements.txt (line 5))
  Using cached attrs-25.4.0-py3-none-any.whl.metadata (10 kB)
Collecting frozenlist>=1.1.1 (from aiohttp>=3.9.0->-r /Users/tazjack/Documents/PenTest/TazoSploit/execution-plane/requirements.txt (line 5))
  Using cached frozenlist-1.8.0-cp314-cp314-macosx_11_0_arm64.whl.metadata (20 kB)
Collecting multidict<7.0,>=4.5 (from aiohttp>=3.9.0->-r /Users/tazjack/Documents/PenTest/TazoSploit/execution-plane/requirements.txt (line 5))
  Using cached multidict-6.7.1-cp314-cp314-macosx_11_0_arm64.whl.metadata (5.3 kB)
Collecting propcache>=0.2.0 (from aiohttp>=3.9.0->-r /Users/tazjack/Documents/PenTest/TazoSploit/execution-plane/requirements.txt (line 5))
  Using cached propcache-0.4.1-cp314-cp314-macosx_11_0_arm64.whl.metadata (13 kB)
Collecting yarl<2.0,>=1.17.0 (from aiohttp>=3.9.0->-r /Users/tazjack/Documents/PenTest/TazoSploit/execution-plane/requirements.txt (line 5))
  Using cached yarl-1.22.0-cp314-cp314-macosx_11_0_arm64.whl.metadata (75 kB)
Collecting prompt-toolkit>=3.0.36 (from click-repl>=0.2.0->celery>=5.3.0->-r /Users/tazjack/Documents/PenTest/TazoSploit/control-plane/requirements.txt (line 38))
  Using cached prompt_toolkit-3.0.52-py3-none-any.whl.metadata (6.4 kB)
Collecting six>=1.9.0 (from ecdsa!=0.15->python-jose>=3.3.0->python-jose[cryptography]>=3.3.0->-r /Users/tazjack/Documents/PenTest/TazoSploit/control-plane/requirements.txt (line 17))
  Using cached six-1.17.0-py2.py3-none-any.whl.metadata (1.7 kB)
Collecting amqp<6.0.0,>=5.1.1 (from kombu>=5.6.0->celery>=5.3.0->-r /Users/tazjack/Documents/PenTest/TazoSploit/control-plane/requirements.txt (line 38))
  Using cached amqp-5.3.1-py3-none-any.whl.metadata (8.9 kB)
Collecting tzdata>=2025.2 (from kombu>=5.6.0->celery>=5.3.0->-r /Users/tazjack/Documents/PenTest/TazoSploit/control-plane/requirements.txt (line 38))
  Using cached tzdata-2025.3-py2.py3-none-any.whl.metadata (1.4 kB)
Collecting wcwidth (from prompt-toolkit>=3.0.36->click-repl>=0.2.0->celery>=5.3.0->-r /Users/tazjack/Documents/PenTest/TazoSploit/control-plane/requirements.txt (line 38))
  Downloading wcwidth-0.6.0-py3-none-any.whl.metadata (30 kB)
Collecting cryptography>=3.4.0 (from python-jose[cryptography]>=3.3.0->-r /Users/tazjack/Documents/PenTest/TazoSploit/control-plane/requirements.txt (line 17))
  Downloading cryptography-46.0.5-cp311-abi3-macosx_10_9_universal2.whl.metadata (5.7 kB)
Collecting cffi>=2.0.0 (from cryptography>=3.4.0->python-jose[cryptography]>=3.3.0->-r /Users/tazjack/Documents/PenTest/TazoSploit/control-plane/requirements.txt (line 17))
  Using cached cffi-2.0.0-cp314-cp314-macosx_11_0_arm64.whl.metadata (2.6 kB)
Collecting pycparser (from cffi>=2.0.0->cryptography>=3.4.0->python-jose[cryptography]>=3.3.0->-r /Users/tazjack/Documents/PenTest/TazoSploit/control-plane/requirements.txt (line 17))
  Using cached pycparser-3.0-py3-none-any.whl.metadata (8.2 kB)
Collecting greenlet>=1 (from sqlalchemy[asyncio]>=2.0.0->-r /Users/tazjack/Documents/PenTest/TazoSploit/control-plane/requirements.txt (line 8))
  Using cached greenlet-3.3.1-cp314-cp314-macosx_11_0_universal2.whl.metadata (3.7 kB)
Collecting httptools>=0.6.3 (from uvicorn[standard]>=0.27.0->-r /Users/tazjack/Documents/PenTest/TazoSploit/control-plane/requirements.txt (line 5))
  Using cached httptools-0.7.1-cp314-cp314-macosx_11_0_arm64.whl.metadata (3.5 kB)
Collecting pyyaml>=5.1 (from uvicorn[standard]>=0.27.0->-r /Users/tazjack/Documents/PenTest/TazoSploit/control-plane/requirements.txt (line 5))
  Using cached pyyaml-6.0.3-cp314-cp314-macosx_11_0_arm64.whl.metadata (2.4 kB)
Collecting uvloop>=0.15.1 (from uvicorn[standard]>=0.27.0->-r /Users/tazjack/Documents/PenTest/TazoSploit/control-plane/requirements.txt (line 5))
  Using cached uvloop-0.22.1-cp314-cp314-macosx_10_13_universal2.whl.metadata (4.9 kB)
Collecting watchfiles>=0.13 (from uvicorn[standard]>=0.27.0->-r /Users/tazjack/Documents/PenTest/TazoSploit/control-plane/requirements.txt (line 5))
  Using cached watchfiles-1.1.1-cp314-cp314-macosx_11_0_arm64.whl.metadata (4.9 kB)
Collecting websockets>=10.4 (from uvicorn[standard]>=0.27.0->-r /Users/tazjack/Documents/PenTest/TazoSploit/control-plane/requirements.txt (line 5))
  Using cached websockets-16.0-cp314-cp314-macosx_11_0_arm64.whl.metadata (6.8 kB)
Collecting argon2-cffi-bindings (from argon2-cffi->minio>=7.2.0->-r /Users/tazjack/Documents/PenTest/TazoSploit/control-plane/requirements.txt (line 48))
  Using cached argon2_cffi_bindings-25.1.0-cp39-abi3-macosx_11_0_arm64.whl.metadata (7.4 kB)
Collecting MarkupSafe>=0.9.2 (from Mako->alembic>=1.13.0->-r /Users/tazjack/Documents/PenTest/TazoSploit/control-plane/requirements.txt (line 11))
  Using cached markupsafe-3.0.3-cp314-cp314-macosx_11_0_arm64.whl.metadata (2.7 kB)
Using cached bcrypt-4.0.1-cp36-abi3-macosx_10_10_universal2.whl (473 kB)
Using cached pytest-9.0.2-py3-none-any.whl (374 kB)
Using cached pluggy-1.6.0-py3-none-any.whl (20 kB)
Downloading neo4j-6.1.0-py3-none-any.whl (325 kB)
Downloading fastapi-0.129.0-py3-none-any.whl (102 kB)
Downloading starlette-0.52.1-py3-none-any.whl (74 kB)
Using cached anyio-4.12.1-py3-none-any.whl (113 kB)
Using cached uvicorn-0.40.0-py3-none-any.whl (68 kB)
Using cached sqlalchemy-2.0.46-cp314-cp314-macosx_11_0_arm64.whl (2.2 MB)
Using cached asyncpg-0.31.0-cp314-cp314-macosx_11_0_arm64.whl (638 kB)
Using cached psycopg2_binary-2.9.11-cp314-cp314-macosx_11_0_arm64.whl (3.9 MB)
Downloading alembic-1.18.4-py3-none-any.whl (263 kB)
Downloading redis-7.2.0-py3-none-any.whl (394 kB)
Using cached python_jose-3.5.0-py2.py3-none-any.whl (34 kB)
Using cached rsa-4.9.1-py3-none-any.whl (34 kB)
Using cached passlib-1.7.4-py2.py3-none-any.whl (525 kB)
Using cached pydantic-2.12.5-py3-none-any.whl (463 kB)
Using cached pydantic_core-2.41.5-cp314-cp314-macosx_11_0_arm64.whl (1.9 MB)
Downloading pydantic_settings-2.13.0-py3-none-any.whl (58 kB)
Using cached email_validator-2.3.0-py3-none-any.whl (35 kB)
Using cached python_dotenv-1.2.1-py3-none-any.whl (21 kB)
Using cached structlog-25.5.0-py3-none-any.whl (72 kB)
Using cached opentelemetry_api-1.39.1-py3-none-any.whl (66 kB)
Using cached importlib_metadata-8.7.1-py3-none-any.whl (27 kB)
Using cached opentelemetry_sdk-1.39.1-py3-none-any.whl (132 kB)
Using cached opentelemetry_semantic_conventions-0.60b1-py3-none-any.whl (219 kB)
Using cached opentelemetry_instrumentation_fastapi-0.60b1-py3-none-any.whl (13 kB)
Using cached opentelemetry_instrumentation-0.60b1-py3-none-any.whl (33 kB)
Using cached opentelemetry_instrumentation_asgi-0.60b1-py3-none-any.whl (16 kB)
Using cached opentelemetry_util_http-0.60b1-py3-none-any.whl (8.9 kB)
Using cached asgiref-3.11.1-py3-none-any.whl (24 kB)
Using cached wrapt-1.17.3-cp314-cp314-macosx_11_0_arm64.whl (39 kB)
Using cached prometheus_client-0.24.1-py3-none-any.whl (64 kB)
Using cached celery-5.6.2-py3-none-any.whl (445 kB)
Using cached billiard-4.2.4-py3-none-any.whl (87 kB)
Using cached click-8.3.1-py3-none-any.whl (108 kB)
Using cached vine-5.1.0-py3-none-any.whl (9.6 kB)
Using cached croniter-6.0.0-py2.py3-none-any.whl (25 kB)
Using cached pytz-2025.2-py2.py3-none-any.whl (509 kB)
Using cached docker-7.1.0-py3-none-any.whl (147 kB)
Using cached minio-7.2.20-py3-none-any.whl (93 kB)
Downloading reportlab-4.4.10-py3-none-any.whl (2.0 MB)
   ━━━━━━━━━━━━━━━━━━━━━━━━━━━━━━━━━━━━━━━━ 2.0/2.0 MB 43.2 MB/s  0:00:00
Using cached httpx-0.28.1-py3-none-any.whl (73 kB)
Using cached httpcore-1.0.9-py3-none-any.whl (78 kB)
Using cached aiohttp-3.13.3-cp314-cp314-macosx_11_0_arm64.whl (493 kB)
Using cached multidict-6.7.1-cp314-cp314-macosx_11_0_arm64.whl (43 kB)
Using cached yarl-1.22.0-cp314-cp314-macosx_11_0_arm64.whl (94 kB)
Using cached aiohappyeyeballs-2.6.1-py3-none-any.whl (15 kB)
Using cached aiosignal-1.4.0-py3-none-any.whl (7.5 kB)
Using cached annotated_doc-0.0.4-py3-none-any.whl (5.3 kB)
Using cached annotated_types-0.7.0-py3-none-any.whl (13 kB)
Using cached attrs-25.4.0-py3-none-any.whl (67 kB)
Using cached click_didyoumean-0.3.1-py3-none-any.whl (3.6 kB)
Using cached click_plugins-1.1.1.2-py2.py3-none-any.whl (11 kB)
Using cached click_repl-0.3.0-py3-none-any.whl (10 kB)
Using cached dnspython-2.8.0-py3-none-any.whl (331 kB)
Using cached ecdsa-0.19.1-py2.py3-none-any.whl (150 kB)
Using cached frozenlist-1.8.0-cp314-cp314-macosx_11_0_arm64.whl (49 kB)
Using cached h11-0.16.0-py3-none-any.whl (37 kB)
Using cached idna-3.11-py3-none-any.whl (71 kB)
Using cached iniconfig-2.3.0-py3-none-any.whl (7.5 kB)
Using cached kombu-5.6.2-py3-none-any.whl (214 kB)
Using cached amqp-5.3.1-py3-none-any.whl (50 kB)
Using cached packaging-26.0-py3-none-any.whl (74 kB)
Downloading pillow-12.1.1-cp314-cp314-macosx_11_0_arm64.whl (4.7 MB)
   ━━━━━━━━━━━━━━━━━━━━━━━━━━━━━━━━━━━━━━━━ 4.7/4.7 MB 48.8 MB/s  0:00:00
Using cached prompt_toolkit-3.0.52-py3-none-any.whl (391 kB)
Using cached propcache-0.4.1-cp314-cp314-macosx_11_0_arm64.whl (46 kB)
Using cached pyasn1-0.6.2-py3-none-any.whl (83 kB)
Using cached pygments-2.19.2-py3-none-any.whl (1.2 MB)
Using cached python_dateutil-2.9.0.post0-py2.py3-none-any.whl (229 kB)
Downloading cryptography-46.0.5-cp311-abi3-macosx_10_9_universal2.whl (7.2 MB)
   ━━━━━━━━━━━━━━━━━━━━━━━━━━━━━━━━━━━━━━━━ 7.2/7.2 MB 52.1 MB/s  0:00:00
Using cached cffi-2.0.0-cp314-cp314-macosx_11_0_arm64.whl (181 kB)
Using cached requests-2.32.5-py3-none-any.whl (64 kB)
Using cached charset_normalizer-3.4.4-cp314-cp314-macosx_10_13_universal2.whl (207 kB)
Using cached urllib3-2.6.3-py3-none-any.whl (131 kB)
Using cached certifi-2026.1.4-py3-none-any.whl (152 kB)
Using cached six-1.17.0-py2.py3-none-any.whl (11 kB)
Using cached greenlet-3.3.1-cp314-cp314-macosx_11_0_universal2.whl (275 kB)
Using cached typing_extensions-4.15.0-py3-none-any.whl (44 kB)
Using cached typing_inspection-0.4.2-py3-none-any.whl (14 kB)
Using cached tzdata-2025.3-py2.py3-none-any.whl (348 kB)
Using cached httptools-0.7.1-cp314-cp314-macosx_11_0_arm64.whl (108 kB)
Using cached pyyaml-6.0.3-cp314-cp314-macosx_11_0_arm64.whl (173 kB)
Using cached uvloop-0.22.1-cp314-cp314-macosx_10_13_universal2.whl (1.4 MB)
Using cached watchfiles-1.1.1-cp314-cp314-macosx_11_0_arm64.whl (390 kB)
Using cached websockets-16.0-cp314-cp314-macosx_11_0_arm64.whl (175 kB)
Using cached zipp-3.23.0-py3-none-any.whl (10 kB)
Using cached argon2_cffi-25.1.0-py3-none-any.whl (14 kB)
Using cached argon2_cffi_bindings-25.1.0-cp39-abi3-macosx_11_0_arm64.whl (31 kB)
Using cached mako-1.3.10-py3-none-any.whl (78 kB)
Using cached markupsafe-3.0.3-cp314-cp314-macosx_11_0_arm64.whl (12 kB)
Using cached pycparser-3.0-py3-none-any.whl (48 kB)
Using cached pycryptodome-3.23.0-cp37-abi3-macosx_10_9_universal2.whl (2.5 MB)
Using cached tzlocal-5.3.1-py3-none-any.whl (18 kB)
Downloading wcwidth-0.6.0-py3-none-any.whl (94 kB)
Installing collected packages: pytz, passlib, zipp, wrapt, websockets, wcwidth, vine, uvloop, urllib3, tzlocal, tzdata, typing-extensions, structlog, six, redis, pyyaml, python-dotenv, pygments, pycryptodome, pycparser, pyasn1, psycopg2-binary, propcache, prometheus-client, pluggy, pillow, packaging, opentelemetry-util-http, neo4j, multidict, MarkupSafe, iniconfig, idna, httptools, h11, greenlet, frozenlist, dnspython, click, charset-normalizer, certifi, billiard, bcrypt, attrs, asyncpg, asgiref, annotated-types, annotated-doc, aiohappyeyeballs, yarl, uvicorn, typing-inspection, sqlalchemy, rsa, requests, reportlab, python-dateutil, pytest, pydantic-core, prompt-toolkit, Mako, importlib-metadata, httpcore, email-validator, ecdsa, click-plugins, click-didyoumean, cffi, anyio, amqp, aiosignal, watchfiles, starlette, python-jose, pydantic, opentelemetry-api, kombu, httpx, docker, cryptography, croniter, click-repl, argon2-cffi-bindings, alembic, aiohttp, pydantic-settings, opentelemetry-semantic-conventions, fastapi, celery, argon2-cffi, opentelemetry-sdk, opentelemetry-instrumentation, minio, opentelemetry-instrumentation-asgi, opentelemetry-instrumentation-fastapi

Successfully installed Mako-1.3.10 MarkupSafe-3.0.3 aiohappyeyeballs-2.6.1 aiohttp-3.13.3 aiosignal-1.4.0 alembic-1.18.4 amqp-5.3.1 annotated-doc-0.0.4 annotated-types-0.7.0 anyio-4.12.1 argon2-cffi-25.1.0 argon2-cffi-bindings-25.1.0 asgiref-3.11.1 asyncpg-0.31.0 attrs-25.4.0 bcrypt-4.0.1 billiard-4.2.4 celery-5.6.2 certifi-2026.1.4 cffi-2.0.0 charset-normalizer-3.4.4 click-8.3.1 click-didyoumean-0.3.1 click-plugins-1.1.1.2 click-repl-0.3.0 croniter-6.0.0 cryptography-46.0.5 dnspython-2.8.0 docker-7.1.0 ecdsa-0.19.1 email-validator-2.3.0 fastapi-0.129.0 frozenlist-1.8.0 greenlet-3.3.1 h11-0.16.0 httpcore-1.0.9 httptools-0.7.1 httpx-0.28.1 idna-3.11 importlib-metadata-8.7.1 iniconfig-2.3.0 kombu-5.6.2 minio-7.2.20 multidict-6.7.1 neo4j-6.1.0 opentelemetry-api-1.39.1 opentelemetry-instrumentation-0.60b1 opentelemetry-instrumentation-asgi-0.60b1 opentelemetry-instrumentation-fastapi-0.60b1 opentelemetry-sdk-1.39.1 opentelemetry-semantic-conventions-0.60b1 opentelemetry-util-http-0.60b1 packaging-26.0 passlib-1.7.4 pillow-12.1.1 pluggy-1.6.0 prometheus-client-0.24.1 prompt-toolkit-3.0.52 propcache-0.4.1 psycopg2-binary-2.9.11 pyasn1-0.6.2 pycparser-3.0 pycryptodome-3.23.0 pydantic-2.12.5 pydantic-core-2.41.5 pydantic-settings-2.13.0 pygments-2.19.2 pytest-9.0.2 python-dateutil-2.9.0.post0 python-dotenv-1.2.1 python-jose-3.5.0 pytz-2025.2 pyyaml-6.0.3 redis-7.2.0 reportlab-4.4.10 requests-2.32.5 rsa-4.9.1 six-1.17.0 sqlalchemy-2.0.46 starlette-0.52.1 structlog-25.5.0 typing-extensions-4.15.0 typing-inspection-0.4.2 tzdata-2025.3 tzlocal-5.3.1 urllib3-2.6.3 uvicorn-0.40.0 uvloop-0.22.1 vine-5.1.0 watchfiles-1.1.1 wcwidth-0.6.0 websockets-16.0 wrapt-1.17.3 yarl-1.22.0 zipp-3.23.0

------------------------------------------------------------
STEP: pytest_unit
out_file=/Users/tazjack/Documents/PenTest/TazoSploit/Project/Docs/release/validation/20260216T210342Z/pytest_unit.txt
cmd=python -m pytest -q tests/unit
------------------------------------------------------------
............................................................F........... [100%]
=================================== FAILURES ===================================
________________ TestToonHelper.test_to_toon_fallback_on_error _________________

self = <test_toon_integration.TestToonHelper testMethod=test_to_toon_fallback_on_error>

    def test_to_toon_fallback_on_error(self):
        """If toon_encode raises, fallback to str()."""
>       with patch.object(self.da, "toon_encode", side_effect=Exception("boom")):
             ^^^^^^^^^^^^^^^^^^^^^^^^^^^^^^^^^^^^^^^^^^^^^^^^^^^^^^^^^^^^^^^^^^^

tests/unit/test_toon_integration.py:54: 
_ _ _ _ _ _ _ _ _ _ _ _ _ _ _ _ _ _ _ _ _ _ _ _ _ _ _ _ _ _ _ _ _ _ _ _ _ _ _ _ 
/opt/homebrew/Cellar/python@3.14/3.14.2/Frameworks/Python.framework/Versions/3.14/lib/python3.14/unittest/mock.py:1503: in __enter__
    original, local = self.get_original()
                      ^^^^^^^^^^^^^^^^^^^
_ _ _ _ _ _ _ _ _ _ _ _ _ _ _ _ _ _ _ _ _ _ _ _ _ _ _ _ _ _ _ _ _ _ _ _ _ _ _ _ 

self = <unittest.mock._patch object at 0x10a838910>

    def get_original(self):
        target = self.getter()
        name = self.attribute
    
        original = DEFAULT
        local = False
    
        try:
            original = target.__dict__[name]
        except (AttributeError, KeyError):
            original = getattr(target, name, DEFAULT)
        else:
            local = True
    
        if name in _builtins and isinstance(target, ModuleType):
            self.create = True
    
        if not self.create and original is DEFAULT:
>           raise AttributeError(
                "%s does not have the attribute %r" % (target, name)
            )
E           AttributeError: <module 'dynamic_agent' from '/Users/tazjack/Documents/PenTest/TazoSploit/kali-executor/open-interpreter/dynamic_agent.py'> does not have the attribute 'toon_encode'

/opt/homebrew/Cellar/python@3.14/3.14.2/Frameworks/Python.framework/Versions/3.14/lib/python3.14/unittest/mock.py:1473: AttributeError
----------------------------- Captured stdout call -----------------------------
[2026-02-16T21:04:04.057464+00:00] [INFO] Tool phase map loaded: 246 tools
[2026-02-16T21:04:04.057657+00:00] [INFO] Tool usage tracker enabled
[2026-02-16T21:04:04.057715+00:00] [INFO] Exploitation injector enabled
[2026-02-16T21:04:04.060066+00:00] [WARN] Knowledge graph unavailable (Neo4j down/driver missing)
[2026-02-16T21:04:04.060158+00:00] [INFO] Dynamic Agent initialized - fully AI-driven with MITRE ATT&CK awareness
------------------------------ Captured log call -------------------------------
WARNING  knowledge_graph:knowledge_graph.py:72 neo4j_unavailable err=Failed to DNS resolve address neo4j:7687: [Errno 8] nodename nor servname provided, or not known
=========================== short test summary info ============================
FAILED tests/unit/test_toon_integration.py::TestToonHelper::test_to_toon_fallback_on_error
1 failed, 71 passed in 9.79s
